<?xml version="1.0" encoding="UTF-8"?>
<!-- Generated by org.testng.reporters.JUnitReportReporter -->
<testsuite hostname="VINODHOSTING" failures="0" tests="3" name="tests.SearchTest" time="7.522" errors="0" timestamp="2022-06-28T14:03:41 IST" skipped="0">
  <testcase classname="tests.SearchTest" name="searchWithValidProduct" time="2.341"/>
  <system-out/>
  <testcase classname="tests.SearchTest" name="searchWithInValidProduct" time="2.687"/>
  <system-out/>
  <testcase classname="tests.SearchTest" name="searchWithoutAnyProduct" time="2.494"/>
  <system-out/>
</testsuite> <!-- tests.SearchTest -->
