<?xml version="1.0" encoding="UTF-8"?>
<!-- Generated by org.testng.reporters.JUnitReportReporter -->
<testsuite hostname="VINODHOSTING" failures="0" tests="9" name="runner.MyRunner" time="27.895" errors="0" timestamp="2022-06-28T14:02:06 IST" skipped="0">
  <testcase classname="runner.MyRunner" name="runScenario" time="2.655"/>
  <system-out/>
  <testcase classname="runner.MyRunner" name="runScenario" time="3.821"/>
  <system-out/>
  <testcase classname="runner.MyRunner" name="runScenario" time="3.799"/>
  <system-out/>
  <testcase classname="runner.MyRunner" name="runScenario" time="2.863"/>
  <system-out/>
  <testcase classname="runner.MyRunner" name="runScenario" time="3.242"/>
  <system-out/>
  <testcase classname="runner.MyRunner" name="runScenario" time="2.423"/>
  <system-out/>
  <testcase classname="runner.MyRunner" name="runScenario" time="2.406"/>
  <system-out/>
  <testcase classname="runner.MyRunner" name="runScenario" time="3.426"/>
  <system-out/>
  <testcase classname="runner.MyRunner" name="runScenario" time="3.260"/>
  <system-out/>
</testsuite> <!-- runner.MyRunner -->
