<?xml version="1.0" encoding="UTF-8"?>
<!-- Generated by org.testng.reporters.JUnitReportReporter -->
<testsuite hostname="VINODHOSTING" failures="0" tests="3" name="tests.RegisterTest" time="10.370" errors="0" timestamp="2022-06-28T14:03:41 IST" skipped="0">
  <testcase classname="tests.RegisterTest" name="registerWithMandatoryFields" time="3.232"/>
  <system-out/>
  <testcase classname="tests.RegisterTest" name="registerWithAllFields" time="3.154"/>
  <system-out/>
  <testcase classname="tests.RegisterTest" name="registerWithAlreadyRegisteredEmailAddress" time="3.984"/>
  <system-out/>
</testsuite> <!-- tests.RegisterTest -->
