<?xml version="1.0" encoding="UTF-8"?>
<!-- Generated by org.testng.reporters.JUnitReportReporter -->
<testsuite hostname="VINODHOSTING" failures="0" tests="3" name="tests.LoginTest" time="8.379" errors="0" timestamp="2022-06-28T14:03:41 IST" skipped="0">
  <testcase classname="tests.LoginTest" name="loginWithValidCredentials" time="2.778"/>
  <system-out/>
  <testcase classname="tests.LoginTest" name="loginWithValidUsernameAndInvalidPassword" time="2.854"/>
  <system-out/>
  <testcase classname="tests.LoginTest" name="loginWithInvalidUsernameAndValidPassword" time="2.747"/>
  <system-out/>
</testsuite> <!-- tests.LoginTest -->
