<?xml version="1.0" encoding="UTF-8"?>
<!-- Generated by org.testng.reporters.JUnitReportReporter -->
<testsuite hostname="INLEN8520040046" failures="0" tests="9" name="runner.MyRunner" time="33.967" errors="0" timestamp="2022-06-28T15:35:02 IST" skipped="0">
  <testcase classname="runner.MyRunner" name="runScenario" time="4.720"/>
  <system-out/>
  <testcase classname="runner.MyRunner" name="runScenario" time="3.770"/>
  <system-out/>
  <testcase classname="runner.MyRunner" name="runScenario" time="2.972"/>
  <system-out/>
  <testcase classname="runner.MyRunner" name="runScenario" time="4.667"/>
  <system-out/>
  <testcase classname="runner.MyRunner" name="runScenario" time="4.454"/>
  <system-out/>
  <testcase classname="runner.MyRunner" name="runScenario" time="2.899"/>
  <system-out/>
  <testcase classname="runner.MyRunner" name="runScenario" time="4.115"/>
  <system-out/>
  <testcase classname="runner.MyRunner" name="runScenario" time="3.587"/>
  <system-out/>
  <testcase classname="runner.MyRunner" name="runScenario" time="2.783"/>
  <system-out/>
</testsuite> <!-- runner.MyRunner -->
